mode: set
github.com/crashdump/birdview/internal/sync/aws.go:25.21,31.16 2 0
github.com/crashdump/birdview/internal/sync/aws.go:35.2,40.16 2 0
github.com/crashdump/birdview/internal/sync/aws.go:44.2,47.3 1 0
github.com/crashdump/birdview/internal/sync/aws.go:31.16,33.3 1 0
github.com/crashdump/birdview/internal/sync/aws.go:40.16,42.3 1 0
github.com/crashdump/birdview/internal/sync/config.go:16.50,18.16 2 0
github.com/crashdump/birdview/internal/sync/config.go:22.2,23.16 2 0
github.com/crashdump/birdview/internal/sync/config.go:27.2,29.36 2 0
github.com/crashdump/birdview/internal/sync/config.go:82.2,82.16 1 0
github.com/crashdump/birdview/internal/sync/config.go:18.16,20.3 1 0
github.com/crashdump/birdview/internal/sync/config.go:23.16,25.3 1 0
github.com/crashdump/birdview/internal/sync/config.go:29.36,30.44 1 0
github.com/crashdump/birdview/internal/sync/config.go:43.3,43.46 1 0
github.com/crashdump/birdview/internal/sync/config.go:56.3,56.53 1 0
github.com/crashdump/birdview/internal/sync/config.go:69.3,69.57 1 0
github.com/crashdump/birdview/internal/sync/config.go:30.44,41.4 3 0
github.com/crashdump/birdview/internal/sync/config.go:43.46,54.4 3 0
github.com/crashdump/birdview/internal/sync/config.go:56.53,67.4 3 0
github.com/crashdump/birdview/internal/sync/config.go:69.57,80.4 3 0
github.com/crashdump/birdview/internal/sync/config.go:85.152,90.53 4 0
github.com/crashdump/birdview/internal/sync/config.go:109.2,109.21 1 0
github.com/crashdump/birdview/internal/sync/config.go:90.53,92.35 2 0
github.com/crashdump/birdview/internal/sync/config.go:96.3,102.17 3 0
github.com/crashdump/birdview/internal/sync/config.go:106.3,106.57 1 0
github.com/crashdump/birdview/internal/sync/config.go:92.35,94.4 1 0
github.com/crashdump/birdview/internal/sync/config.go:102.17,105.4 2 0
github.com/crashdump/birdview/internal/sync/config.go:112.96,126.35 4 0
github.com/crashdump/birdview/internal/sync/config.go:140.2,140.21 1 0
github.com/crashdump/birdview/internal/sync/config.go:126.35,133.17 3 0
github.com/crashdump/birdview/internal/sync/config.go:137.3,137.59 1 0
github.com/crashdump/birdview/internal/sync/config.go:133.17,136.4 2 0
github.com/crashdump/birdview/internal/sync/eol.go:10.47,167.2 1 0
github.com/crashdump/birdview/internal/sync/health.go:11.56,16.16 3 0
github.com/crashdump/birdview/internal/sync/health.go:21.2,23.38 3 0
github.com/crashdump/birdview/internal/sync/health.go:35.2,35.16 1 0
github.com/crashdump/birdview/internal/sync/health.go:16.16,19.3 2 0
github.com/crashdump/birdview/internal/sync/health.go:23.38,33.3 1 0
github.com/crashdump/birdview/cmd/api/v1/router.go:13.27,17.16 3 1
github.com/crashdump/birdview/cmd/api/v1/router.go:22.2,34.10 10 1
github.com/crashdump/birdview/cmd/api/v1/router.go:17.16,19.3 1 0
github.com/crashdump/birdview/cmd/api/v1/router.go:37.61,39.2 1 0
github.com/crashdump/birdview/cmd/api/v1/router.go:41.69,44.2 2 0
github.com/crashdump/birdview/cmd/api/v1/router.go:46.66,49.2 2 0
github.com/crashdump/birdview/cmd/api/v1/router.go:51.61,54.2 2 0
github.com/crashdump/birdview/cmd/api/v1/router.go:56.61,58.2 1 0
github.com/crashdump/birdview/cmd/api/v1/router.go:60.64,62.2 1 1
